0 info it worked if it ends with ok
1 verbose cli [ '/usr/local/bin/node', '/usr/local/bin/npm', 'publish' ]
2 info using npm@3.10.10
3 info using node@v6.9.5
4 verbose publish [ '.' ]
5 silly cache add args [ '.', null ]
6 verbose cache add spec .
7 silly cache add parsed spec Result {
7 silly cache add   raw: '.',
7 silly cache add   scope: null,
7 silly cache add   escapedName: null,
7 silly cache add   name: null,
7 silly cache add   rawSpec: '.',
7 silly cache add   spec: '/Users/vasu/Documents/projects/git/promise-utils',
7 silly cache add   type: 'directory' }
8 verbose addLocalDirectory /Users/vasu/.npm/promiseutils/0.1.4/package.tgz not in flight; packing
9 verbose correctMkdir /Users/vasu/.npm correctMkdir not in flight; initializing
10 info lifecycle promiseutils@0.1.4~prepublish: promiseutils@0.1.4
11 silly lifecycle promiseutils@0.1.4~prepublish: no script for prepublish, continuing
12 verbose tar pack [ '/Users/vasu/.npm/promiseutils/0.1.4/package.tgz',
12 verbose tar pack   '/Users/vasu/Documents/projects/git/promise-utils' ]
13 verbose tarball /Users/vasu/.npm/promiseutils/0.1.4/package.tgz
14 verbose folder /Users/vasu/Documents/projects/git/promise-utils
15 verbose addLocalTarball adding from inside cache /Users/vasu/.npm/promiseutils/0.1.4/package.tgz
16 verbose correctMkdir /Users/vasu/.npm correctMkdir not in flight; initializing
17 silly cache afterAdd promiseutils@0.1.4
18 verbose afterAdd /Users/vasu/.npm/promiseutils/0.1.4/package/package.json not in flight; writing
19 verbose correctMkdir /Users/vasu/.npm correctMkdir not in flight; initializing
20 verbose afterAdd /Users/vasu/.npm/promiseutils/0.1.4/package/package.json written
21 silly publish { name: 'promiseutils',
21 silly publish   version: '0.1.4',
21 silly publish   description: 'Set of function to handle an array or list of promises',
21 silly publish   main: 'index.js',
21 silly publish   scripts: { test: 'echo "Error: no test specified" && exit 1' },
21 silly publish   keywords: [ 'Promise', 'promise-utils', 'array', 'list', 'batch' ],
21 silly publish   author: { name: 'Vasudevan PALANI' },
21 silly publish   license: 'MIT',
21 silly publish   dependencies:
21 silly publish    { axios: '^0.15.3',
21 silly publish      'axios-debug-log': '^0.3.0',
21 silly publish      lodash: '^4.17.4',
21 silly publish      sleep: '^5.1.0' },
21 silly publish   readme: '## Synopsis\n\nThis project is aimed at providing utility functions in handling promises / array of promises.\n\n## Code Example\n\n```\n// To sequence all the promises one after the another\n//\n//\t- promises ( list of all promises )\n//\t- options ( List of options, interval : seconds to wait before retry )\n//\npromiseutils.race(promises,options).then(function(resp){\n    //Handle success\n}).catch(function(resp){\n    //Handle failure\n});\n\n// To sequence all the promises one after the another\n//\n//\t- promises ( list of all promises )\n//\t- options ( List of options, interval : seconds to wait before retry )\n//\npromiseutils.raceToFail(promises,options).then(function(resp){\n    //Handle success\n}).catch(function(resp){\n    //Handle failure\n});\n\n\n// To sequence all the promises one after the another\n//\n//\t- variables ( Array of variables , For each variable a promise will be created using promiseFn )\n//\t- promiseFn ( This function will involved to get an instance of promise )\n//\t- options ( List of options, interval : seconds to wait before retry )\n//\npromiseutils.seq(variables,promiseFn,options).then(function(resp){\n    //Handle success\n}).catch(function(resp){\n    //Handle failure\n});\n\n// To retry a promise a number of times\n//\n//\t- arguments ( The inputs required to create a promise )\n//\t- promiseFn ( This function will involved to get an instance of promise )\n//\t- options ( List of options, maxretry : number of retries, interval : seconds to wait before retry )\n//\npromiseutils.retry(arguments,promiseFn,options).then(function(resp){\n    //Handle success\n}).catch(function(resp){\n    //Handle failure\n});\n\n```\n\n## Installation\n\nTo include this source in your nodejs application\n\nStep1 :\n```\nnpm install promiseutils\n```\n\nStep2 :\n\n```\npromiseutils = require(\'promiseutils\');\n```\n\n## License\n\nMIT License.\n',
21 silly publish   readmeFilename: 'README.md',
21 silly publish   gitHead: '00fbe29a366d45f4d586ed4ca895a4ddd1d8783e',
21 silly publish   _id: 'promiseutils@0.1.4',
21 silly publish   _shasum: '492f3eb75e923b320c5aea17646f2a99785644a3',
21 silly publish   _from: '.' }
22 verbose getPublishConfig undefined
23 silly mapToRegistry name promiseutils
24 silly mapToRegistry using default registry
25 silly mapToRegistry registry https://registry.npmjs.org/
26 silly mapToRegistry data Result {
26 silly mapToRegistry   raw: 'promiseutils',
26 silly mapToRegistry   scope: null,
26 silly mapToRegistry   escapedName: 'promiseutils',
26 silly mapToRegistry   name: 'promiseutils',
26 silly mapToRegistry   rawSpec: '',
26 silly mapToRegistry   spec: 'latest',
26 silly mapToRegistry   type: 'tag' }
27 silly mapToRegistry uri https://registry.npmjs.org/promiseutils
28 verbose publish registryBase https://registry.npmjs.org/
29 silly publish uploading /Users/vasu/.npm/promiseutils/0.1.4/package.tgz
30 verbose request uri https://registry.npmjs.org/promiseutils
31 verbose request sending authorization for write operation
32 info attempt registry request try #1 at 8:09:40 PM
33 verbose request using bearer token for auth
34 verbose request id 18629d05b9eb7a78
35 http request PUT https://registry.npmjs.org/promiseutils
36 http 403 https://registry.npmjs.org/promiseutils
37 verbose headers { 'content-type': 'application/json',
37 verbose headers   'cache-control': 'max-age=300',
37 verbose headers   'content-length': '95',
37 verbose headers   'accept-ranges': 'bytes',
37 verbose headers   date: 'Tue, 21 Mar 2017 00:09:39 GMT',
37 verbose headers   via: '1.1 varnish',
37 verbose headers   connection: 'keep-alive',
37 verbose headers   'x-served-by': 'cache-mia1320-MIA',
37 verbose headers   'x-cache': 'MISS',
37 verbose headers   'x-cache-hits': '0',
37 verbose headers   'x-timer': 'S1490054979.135680,VS0,VE694',
37 verbose headers   vary: 'Accept-Encoding' }
38 verbose request invalidating /Users/vasu/.npm/registry.npmjs.org/promiseutils on PUT
39 error publish Failed PUT 403
40 verbose stack Error: "You cannot publish over the previously published version 0.1.4." : promiseutils
40 verbose stack     at makeError (/usr/local/lib/node_modules/npm/node_modules/npm-registry-client/lib/request.js:302:12)
40 verbose stack     at CachingRegistryClient.<anonymous> (/usr/local/lib/node_modules/npm/node_modules/npm-registry-client/lib/request.js:290:14)
40 verbose stack     at Request._callback (/usr/local/lib/node_modules/npm/node_modules/npm-registry-client/lib/request.js:210:14)
40 verbose stack     at Request.self.callback (/usr/local/lib/node_modules/npm/node_modules/request/request.js:187:22)
40 verbose stack     at emitTwo (events.js:106:13)
40 verbose stack     at Request.emit (events.js:191:7)
40 verbose stack     at Request.<anonymous> (/usr/local/lib/node_modules/npm/node_modules/request/request.js:1048:10)
40 verbose stack     at emitOne (events.js:96:13)
40 verbose stack     at Request.emit (events.js:188:7)
40 verbose stack     at IncomingMessage.<anonymous> (/usr/local/lib/node_modules/npm/node_modules/request/request.js:969:12)
41 verbose statusCode 403
42 verbose pkgid promiseutils
43 verbose cwd /Users/vasu/Documents/projects/git/promise-utils
44 error Darwin 16.0.0
45 error argv "/usr/local/bin/node" "/usr/local/bin/npm" "publish"
46 error node v6.9.5
47 error npm  v3.10.10
48 error code E403
49 error "You cannot publish over the previously published version 0.1.4." : promiseutils
50 error If you need help, you may report this error at:
50 error     <https://github.com/npm/npm/issues>
51 verbose exit [ 1, true ]
